<?xml version="1.0" encoding="UTF-8"?>
<!-- Generated by org.testng.reporters.JUnitReportReporter -->
<testsuite hostname="DESKTOP-EQ55Q8H" failures="0" tests="1" name="demoPackage.AmazonTest" time="24.728" errors="0" timestamp="2023-08-02T09:40:36 IST" skipped="0">
  <testcase classname="demoPackage.AmazonTest" name="amazon" time="24.728"/>
  <system-out/>
</testsuite> <!-- demoPackage.AmazonTest -->
