<?xml version="1.0" encoding="UTF-8"?>
<!-- Generated by org.testng.reporters.JUnitReportReporter -->
<testsuite hostname="DESKTOP-EQ55Q8H" failures="0" tests="1" name="demoPackage.AmazonTest" time="23.104" errors="0" timestamp="2023-07-28T21:31:26 IST" skipped="0">
  <testcase classname="demoPackage.AmazonTest" name="amazon" time="23.104"/>
  <system-out/>
</testsuite> <!-- demoPackage.AmazonTest -->
